Total RAM: 16649436 KB
Free RAM: 5087248 KB
Used RAM: 11562188 KB
Processes:
PID: 3548, Process Name: <unknown>, Username: DESKTOP-S4MLJHQ\Admin, CPU: 2250ms, Memory: 4788 KB
PID: 11680, Process Name: SynTPEnh.exe, Username: DESKTOP-S4MLJHQ\Admin, CPU: 296ms, Memory: 19064 KB
PID: 18764, Process Name: sihost.exe, Username: DESKTOP-S4MLJHQ\Admin, CPU: 4296ms, Memory: 29556 KB
PID: 3024, Process Name: svchost.exe, Username: DESKTOP-S4MLJHQ\Admin, CPU: 26906ms, Memory: 28984 KB
PID: 6340, Process Name: svchost.exe, Username: DESKTOP-S4MLJHQ\Admin, CPU: 15ms, Memory: 8888 KB
PID: 21852, Process Name: svchost.exe, Username: DESKTOP-S4MLJHQ\Admin, CPU: 4109ms, Memory: 37532 KB
PID: 26036, Process Name: igfxEM.exe, Username: DESKTOP-S4MLJHQ\Admin, CPU: 140ms, Memory: 13848 KB
PID: 1664, Process Name: taskhostw.exe, Username: DESKTOP-S4MLJHQ\Admin, CPU: 2203ms, Memory: 21264 KB
PID: 2740, Process Name: Explorer.EXE, Username: DESKTOP-S4MLJHQ\Admin, CPU: 115578ms, Memory: 193448 KB
PID: 24744, Process Name: svchost.exe, Username: DESKTOP-S4MLJHQ\Admin, CPU: 765ms, Memory: 24092 KB
PID: 20968, Process Name: TSVNCache.exe, Username: DESKTOP-S4MLJHQ\Admin, CPU: 112250ms, Memory: 15732 KB
PID: 13636, Process Name: RuntimeBroker.exe, Username: DESKTOP-S4MLJHQ\Admin, CPU: 171ms, Memory: 11216 KB
PID: 14068, Process Name: RuntimeBroker.exe, Username: DESKTOP-S4MLJHQ\Admin, CPU: 1796ms, Memory: 29604 KB
PID: 20832, Process Name: RuntimeBroker.exe, Username: DESKTOP-S4MLJHQ\Admin, CPU: 5656ms, Memory: 46036 KB
PID: 24528, Process Name: TextInputHost.exe, Username: DESKTOP-S4MLJHQ\Admin, CPU: 2171ms, Memory: 46312 KB
PID: 23860, Process Name: SearchApp.exe, Username: DESKTOP-S4MLJHQ\Admin, CPU: 26343ms, Memory: 105400 KB
PID: 21112, Process Name: ms-teams.exe, Username: DESKTOP-S4MLJHQ\Admin, CPU: 30031ms, Memory: 51796 KB
PID: 18500, Process Name: openvpn-gui.exe, Username: DESKTOP-S4MLJHQ\Admin, CPU: 15ms, Memory: 8368 KB
PID: 6652, Process Name: msedgewebview2.exe, Username: DESKTOP-S4MLJHQ\Admin, CPU: 99156ms, Memory: 116120 KB
PID: 17012, Process Name: msedgewebview2.exe, Username: DESKTOP-S4MLJHQ\Admin, CPU: 0ms, Memory: 7508 KB
PID: 24184, Process Name: msedgewebview2.exe, Username: DESKTOP-S4MLJHQ\Admin, CPU: 154843ms, Memory: 97380 KB
PID: 21804, Process Name: msedgewebview2.exe, Username: DESKTOP-S4MLJHQ\Admin, CPU: 8203ms, Memory: 18252 KB
PID: 19812, Process Name: msedgewebview2.exe, Username: DESKTOP-S4MLJHQ\Admin, CPU: 1171ms, Memory: 7376 KB
PID: 16076, Process Name: msedgewebview2.exe, Username: DESKTOP-S4MLJHQ\Admin, CPU: 1453ms, Memory: 12084 KB
PID: 6892, Process Name: msedgewebview2.exe, Username: DESKTOP-S4MLJHQ\Admin, CPU: 1591625ms, Memory: 605848 KB
PID: 3344, Process Name: sfproc.exe, Username: DESKTOP-S4MLJHQ\Admin, CPU: 38500ms, Memory: 123368 KB
PID: 15452, Process Name: crashpad_handler.exe, Username: DESKTOP-S4MLJHQ\Admin, CPU: 15ms, Memory: 7536 KB
PID: 25012, Process Name: DllHost.exe, Username: DESKTOP-S4MLJHQ\Admin, CPU: 234ms, Memory: 9644 KB
PID: 11320, Process Name: ms-teams.exe, Username: DESKTOP-S4MLJHQ\Admin, CPU: 2039250ms, Memory: 83952 KB
PID: 19036, Process Name: SmartAudio3.exe, Username: DESKTOP-S4MLJHQ\Admin, CPU: 11312ms, Memory: 56784 KB
PID: 20948, Process Name: Flow.exe, Username: DESKTOP-S4MLJHQ\Admin, CPU: 6796ms, Memory: 92816 KB
PID: 5636, Process Name: msedgewebview2.exe, Username: DESKTOP-S4MLJHQ\Admin, CPU: 1109ms, Memory: 8728 KB
PID: 7896, Process Name: CompPkgSrv.exe, Username: DESKTOP-S4MLJHQ\Admin, CPU: 109ms, Memory: 8784 KB
PID: 23504, Process Name: ApplicationFrameHost.exe, Username: DESKTOP-S4MLJHQ\Admin, CPU: 109ms, Memory: 23864 KB
PID: 16032, Process Name: UserOOBEBroker.exe, Username: DESKTOP-S4MLJHQ\Admin, CPU: 156ms, Memory: 10288 KB
PID: 20180, Process Name: svchost.exe, Username: DESKTOP-S4MLJHQ\Admin, CPU: 250ms, Memory: 19672 KB
PID: 13884, Process Name: <unknown>, Username: DESKTOP-S4MLJHQ\Admin, CPU: 281ms, Memory: 12160 KB
PID: 25020, Process Name: MSPCManager.exe, Username: DESKTOP-S4MLJHQ\Admin, CPU: 20781ms, Memory: 121752 KB
PID: 10000, Process Name: RuntimeBroker.exe, Username: DESKTOP-S4MLJHQ\Admin, CPU: 62ms, Memory: 10760 KB
PID: 19320, Process Name: msedgewebview2.exe, Username: DESKTOP-S4MLJHQ\Admin, CPU: 1437ms, Memory: 86388 KB
PID: 15276, Process Name: msedgewebview2.exe, Username: DESKTOP-S4MLJHQ\Admin, CPU: 15ms, Memory: 7492 KB
PID: 23468, Process Name: msedgewebview2.exe, Username: DESKTOP-S4MLJHQ\Admin, CPU: 218ms, Memory: 41096 KB
PID: 19384, Process Name: msedgewebview2.exe, Username: DESKTOP-S4MLJHQ\Admin, CPU: 125ms, Memory: 26588 KB
PID: 272, Process Name: msedgewebview2.exe, Username: DESKTOP-S4MLJHQ\Admin, CPU: 46ms, Memory: 17140 KB
PID: 1504, Process Name: msedgewebview2.exe, Username: DESKTOP-S4MLJHQ\Admin, CPU: 1671ms, Memory: 52200 KB
PID: 23444, Process Name: RuntimeBroker.exe, Username: DESKTOP-S4MLJHQ\Admin, CPU: 4953ms, Memory: 27416 KB
PID: 25464, Process Name: Microsoft.SharePoint.exe, Username: DESKTOP-S4MLJHQ\Admin, CPU: 953ms, Memory: 5948 KB
PID: 25268, Process Name: Video.UI.exe, Username: DESKTOP-S4MLJHQ\Admin, CPU: 171ms, Memory: 2752 KB
PID: 18704, Process Name: RuntimeBroker.exe, Username: DESKTOP-S4MLJHQ\Admin, CPU: 31ms, Memory: 8232 KB
PID: 19720, Process Name: eclipse.exe, Username: DESKTOP-S4MLJHQ\Admin, CPU: 580171ms, Memory: 113112 KB
PID: 20800, Process Name: chrome.exe, Username: DESKTOP-S4MLJHQ\Admin, CPU: 324203ms, Memory: 261364 KB
PID: 688, Process Name: chrome.exe, Username: DESKTOP-S4MLJHQ\Admin, CPU: 62ms, Memory: 9480 KB
PID: 996, Process Name: chrome.exe, Username: DESKTOP-S4MLJHQ\Admin, CPU: 108171ms, Memory: 117504 KB
PID: 5652, Process Name: chrome.exe, Username: DESKTOP-S4MLJHQ\Admin, CPU: 48796ms, Memory: 47448 KB
PID: 1192, Process Name: chrome.exe, Username: DESKTOP-S4MLJHQ\Admin, CPU: 1953ms, Memory: 21388 KB
PID: 17536, Process Name: chrome.exe, Username: DESKTOP-S4MLJHQ\Admin, CPU: 111156ms, Memory: 180760 KB
PID: 13924, Process Name: chrome.exe, Username: DESKTOP-S4MLJHQ\Admin, CPU: 369296ms, Memory: 271056 KB
PID: 2140, Process Name: chrome.exe, Username: DESKTOP-S4MLJHQ\Admin, CPU: 5140ms, Memory: 73168 KB
PID: 21700, Process Name: chrome.exe, Username: DESKTOP-S4MLJHQ\Admin, CPU: 13421ms, Memory: 136596 KB
PID: 17952, Process Name: chrome.exe, Username: DESKTOP-S4MLJHQ\Admin, CPU: 1234ms, Memory: 48696 KB
PID: 15748, Process Name: chrome.exe, Username: DESKTOP-S4MLJHQ\Admin, CPU: 27750ms, Memory: 87804 KB
PID: 22052, Process Name: chrome.exe, Username: DESKTOP-S4MLJHQ\Admin, CPU: 750ms, Memory: 51168 KB
PID: 21288, Process Name: DllHost.exe, Username: DESKTOP-S4MLJHQ\Admin, CPU: 187ms, Memory: 15352 KB
PID: 21844, Process Name: chrome.exe, Username: DESKTOP-S4MLJHQ\Admin, CPU: 1843ms, Memory: 21936 KB
PID: 13548, Process Name: chrome.exe, Username: DESKTOP-S4MLJHQ\Admin, CPU: 1078ms, Memory: 59116 KB
PID: 4388, Process Name: chrome.exe, Username: DESKTOP-S4MLJHQ\Admin, CPU: 796ms, Memory: 49056 KB
PID: 12116, Process Name: chrome.exe, Username: DESKTOP-S4MLJHQ\Admin, CPU: 218ms, Memory: 19064 KB
PID: 12368, Process Name: chrome.exe, Username: DESKTOP-S4MLJHQ\Admin, CPU: 921ms, Memory: 50316 KB
PID: 25864, Process Name: javaw.exe, Username: DESKTOP-S4MLJHQ\Admin, CPU: 251234ms, Memory: 90500 KB
PID: 15484, Process Name: TGitCache.exe, Username: DESKTOP-S4MLJHQ\Admin, CPU: 135500ms, Memory: 21084 KB
PID: 20960, Process Name: ShellExperienceHost.exe, Username: DESKTOP-S4MLJHQ\Admin, CPU: 4296ms, Memory: 69052 KB
PID: 13092, Process Name: RuntimeBroker.exe, Username: DESKTOP-S4MLJHQ\Admin, CPU: 625ms, Memory: 29320 KB
PID: 20292, Process Name: CMMON32.EXE, Username: DESKTOP-S4MLJHQ\Admin, CPU: 187ms, Memory: 2724 KB
PID: 14416, Process Name: StartMenuExperienceHost.exe, Username: DESKTOP-S4MLJHQ\Admin, CPU: 1593ms, Memory: 71380 KB
PID: 11740, Process Name: brave.exe, Username: DESKTOP-S4MLJHQ\Admin, CPU: 44234ms, Memory: 151076 KB
PID: 5944, Process Name: brave.exe, Username: DESKTOP-S4MLJHQ\Admin, CPU: 15ms, Memory: 8052 KB
PID: 11168, Process Name: brave.exe, Username: DESKTOP-S4MLJHQ\Admin, CPU: 10468ms, Memory: 78432 KB
PID: 4384, Process Name: brave.exe, Username: DESKTOP-S4MLJHQ\Admin, CPU: 3187ms, Memory: 37132 KB
PID: 6808, Process Name: brave.exe, Username: DESKTOP-S4MLJHQ\Admin, CPU: 515ms, Memory: 21108 KB
PID: 9128, Process Name: brave.exe, Username: DESKTOP-S4MLJHQ\Admin, CPU: 27703ms, Memory: 103892 KB
PID: 25564, Process Name: brave.exe, Username: DESKTOP-S4MLJHQ\Admin, CPU: 109ms, Memory: 36064 KB
PID: 23688, Process Name: brave.exe, Username: DESKTOP-S4MLJHQ\Admin, CPU: 296ms, Memory: 22856 KB
PID: 16064, Process Name: brave.exe, Username: DESKTOP-S4MLJHQ\Admin, CPU: 1031ms, Memory: 50436 KB
PID: 23636, Process Name: brave.exe, Username: DESKTOP-S4MLJHQ\Admin, CPU: 468ms, Memory: 50420 KB
PID: 9356, Process Name: brave.exe, Username: DESKTOP-S4MLJHQ\Admin, CPU: 312ms, Memory: 48160 KB
PID: 22932, Process Name: brave.exe, Username: DESKTOP-S4MLJHQ\Admin, CPU: 62ms, Memory: 23728 KB
PID: 24016, Process Name: chrome.exe, Username: DESKTOP-S4MLJHQ\Admin, CPU: 138359ms, Memory: 126776 KB
PID: 10008, Process Name: msedgewebview2.exe, Username: DESKTOP-S4MLJHQ\Admin, CPU: 1750ms, Memory: 3096 KB
PID: 5348, Process Name: Code.exe, Username: DESKTOP-S4MLJHQ\Admin, CPU: 6250ms, Memory: 105748 KB
PID: 6080, Process Name: Code.exe, Username: DESKTOP-S4MLJHQ\Admin, CPU: 15ms, Memory: 28092 KB
PID: 10128, Process Name: Code.exe, Username: DESKTOP-S4MLJHQ\Admin, CPU: 5578ms, Memory: 91036 KB
PID: 11516, Process Name: Code.exe, Username: DESKTOP-S4MLJHQ\Admin, CPU: 343ms, Memory: 40948 KB
PID: 26488, Process Name: Code.exe, Username: DESKTOP-S4MLJHQ\Admin, CPU: 42250ms, Memory: 223840 KB
PID: 15696, Process Name: Code.exe, Username: DESKTOP-S4MLJHQ\Admin, CPU: 109968ms, Memory: 130176 KB
PID: 10076, Process Name: Code.exe, Username: DESKTOP-S4MLJHQ\Admin, CPU: 6750ms, Memory: 99168 KB
PID: 15848, Process Name: Code.exe, Username: DESKTOP-S4MLJHQ\Admin, CPU: 1468ms, Memory: 84820 KB
PID: 12084, Process Name: Code.exe, Username: DESKTOP-S4MLJHQ\Admin, CPU: 1078ms, Memory: 83600 KB
PID: 17424, Process Name: conhost.exe, Username: DESKTOP-S4MLJHQ\Admin, CPU: 31ms, Memory: 7040 KB
PID: 23304, Process Name: powershell.exe, Username: DESKTOP-S4MLJHQ\Admin, CPU: 1031ms, Memory: 49400 KB
PID: 10272, Process Name: Code.exe, Username: DESKTOP-S4MLJHQ\Admin, CPU: 3531ms, Memory: 103504 KB
PID: 17944, Process Name: Code.exe, Username: DESKTOP-S4MLJHQ\Admin, CPU: 11015ms, Memory: 124232 KB
PID: 16788, Process Name: Code.exe, Username: DESKTOP-S4MLJHQ\Admin, CPU: 687ms, Memory: 90940 KB
PID: 8836, Process Name: Code.exe, Username: DESKTOP-S4MLJHQ\Admin, CPU: 984ms, Memory: 85504 KB
PID: 22604, Process Name: chrome.exe, Username: DESKTOP-S4MLJHQ\Admin, CPU: 232437ms, Memory: 135124 KB
PID: 14464, Process Name: explorer.exe, Username: DESKTOP-S4MLJHQ\Admin, CPU: 18203ms, Memory: 62884 KB
PID: 11388, Process Name: chrome.exe, Username: DESKTOP-S4MLJHQ\Admin, CPU: 25750ms, Memory: 104816 KB
PID: 21332, Process Name: chrome.exe, Username: DESKTOP-S4MLJHQ\Admin, CPU: 40062ms, Memory: 95308 KB
PID: 17544, Process Name: explorer.exe, Username: DESKTOP-S4MLJHQ\Admin, CPU: 14125ms, Memory: 57380 KB
PID: 17572, Process Name: explorer.exe, Username: DESKTOP-S4MLJHQ\Admin, CPU: 14343ms, Memory: 59764 KB
PID: 18120, Process Name: explorer.exe, Username: DESKTOP-S4MLJHQ\Admin, CPU: 12046ms, Memory: 71328 KB
PID: 24876, Process Name: chrome.exe, Username: DESKTOP-S4MLJHQ\Admin, CPU: 39796ms, Memory: 107720 KB
PID: 6932, Process Name: chrome.exe, Username: DESKTOP-S4MLJHQ\Admin, CPU: 593ms, Memory: 57724 KB
PID: 22844, Process Name: explorer.exe, Username: DESKTOP-S4MLJHQ\Admin, CPU: 11406ms, Memory: 68232 KB
PID: 17104, Process Name: chrome.exe, Username: DESKTOP-S4MLJHQ\Admin, CPU: 296ms, Memory: 53560 KB
PID: 20932, Process Name: chrome.exe, Username: DESKTOP-S4MLJHQ\Admin, CPU: 578ms, Memory: 56176 KB
PID: 15612, Process Name: VCTIP.EXE, Username: DESKTOP-S4MLJHQ\Admin, CPU: 1421ms, Memory: 50048 KB
PID: 2800, Process Name: chrome.exe, Username: DESKTOP-S4MLJHQ\Admin, CPU: 4343ms, Memory: 112272 KB
PID: 2252, Process Name: chrome.exe, Username: DESKTOP-S4MLJHQ\Admin, CPU: 78ms, Memory: 31992 KB
PID: 13512, Process Name: smartscreen.exe, Username: DESKTOP-S4MLJHQ\Admin, CPU: 109ms, Memory: 24468 KB
PID: 9220, Process Name: devenv.exe, Username: DESKTOP-S4MLJHQ\Admin, CPU: 24984ms, Memory: 656848 KB
PID: 25320, Process Name: PerfWatson2.exe, Username: DESKTOP-S4MLJHQ\Admin, CPU: 843ms, Memory: 71476 KB
PID: 15420, Process Name: Microsoft.ServiceHub.Controller.exe, Username: DESKTOP-S4MLJHQ\Admin, CPU: 1359ms, Memory: 68984 KB
PID: 25756, Process Name: ServiceHub.VSDetouredHost.exe, Username: DESKTOP-S4MLJHQ\Admin, CPU: 2312ms, Memory: 113020 KB
PID: 9460, Process Name: ServiceHub.IdentityHost.exe, Username: DESKTOP-S4MLJHQ\Admin, CPU: 2328ms, Memory: 110672 KB
PID: 23928, Process Name: ServiceHub.ThreadedWaitDialog.exe, Username: DESKTOP-S4MLJHQ\Admin, CPU: 1171ms, Memory: 109076 KB
PID: 7360, Process Name: ServiceHub.IntellicodeModelService.exe, Username: DESKTOP-S4MLJHQ\Admin, CPU: 796ms, Memory: 52316 KB
PID: 25812, Process Name: <unknown>, Username: DESKTOP-S4MLJHQ\Admin, CPU: 0ms, Memory: 2036 KB
PID: 1552, Process Name: ServiceHub.SettingsHost.exe, Username: DESKTOP-S4MLJHQ\Admin, CPU: 1265ms, Memory: 77968 KB
PID: 18748, Process Name: ServiceHub.IndexingService.exe, Username: DESKTOP-S4MLJHQ\Admin, CPU: 2343ms, Memory: 87200 KB
PID: 23788, Process Name: MSBuild.exe, Username: DESKTOP-S4MLJHQ\Admin, CPU: 921ms, Memory: 58728 KB
PID: 25952, Process Name: conhost.exe, Username: DESKTOP-S4MLJHQ\Admin, CPU: 15ms, Memory: 11796 KB
PID: 16800, Process Name: VCPkgSrv.exe, Username: DESKTOP-S4MLJHQ\Admin, CPU: 93ms, Memory: 46956 KB
PID: 23316, Process Name: WindowResourceTracker.exe, Username: DESKTOP-S4MLJHQ\Admin, CPU: 31ms, Memory: 5592 KB
PID: 20444, Process Name: conhost.exe, Username: DESKTOP-S4MLJHQ\Admin, CPU: 31ms, Memory: 17156 KB
