Total RAM: 16649436 KB
Free RAM: 4425784 KB
Used RAM: 12223652 KB
Processes:
PID: 3548, Process Name: <unknown>, Username: DESKTOP-S4MLJHQ\Admin, CPU: 2000ms, Memory: 2192 KB
PID: 11680, Process Name: SynTPEnh.exe, Username: DESKTOP-S4MLJHQ\Admin, CPU: 296ms, Memory: 19032 KB
PID: 18764, Process Name: sihost.exe, Username: DESKTOP-S4MLJHQ\Admin, CPU: 4125ms, Memory: 29460 KB
PID: 3024, Process Name: svchost.exe, Username: DESKTOP-S4MLJHQ\Admin, CPU: 24703ms, Memory: 28636 KB
PID: 6340, Process Name: svchost.exe, Username: DESKTOP-S4MLJHQ\Admin, CPU: 15ms, Memory: 9076 KB
PID: 21852, Process Name: svchost.exe, Username: DESKTOP-S4MLJHQ\Admin, CPU: 3984ms, Memory: 36948 KB
PID: 26036, Process Name: igfxEM.exe, Username: DESKTOP-S4MLJHQ\Admin, CPU: 140ms, Memory: 14248 KB
PID: 1664, Process Name: taskhostw.exe, Username: DESKTOP-S4MLJHQ\Admin, CPU: 2046ms, Memory: 20756 KB
PID: 2740, Process Name: Explorer.EXE, Username: DESKTOP-S4MLJHQ\Admin, CPU: 96328ms, Memory: 170600 KB
PID: 24744, Process Name: svchost.exe, Username: DESKTOP-S4MLJHQ\Admin, CPU: 734ms, Memory: 23996 KB
PID: 20968, Process Name: TSVNCache.exe, Username: DESKTOP-S4MLJHQ\Admin, CPU: 112093ms, Memory: 14796 KB
PID: 13636, Process Name: RuntimeBroker.exe, Username: DESKTOP-S4MLJHQ\Admin, CPU: 156ms, Memory: 9608 KB
PID: 14068, Process Name: RuntimeBroker.exe, Username: DESKTOP-S4MLJHQ\Admin, CPU: 1796ms, Memory: 30644 KB
PID: 20832, Process Name: RuntimeBroker.exe, Username: DESKTOP-S4MLJHQ\Admin, CPU: 5343ms, Memory: 42176 KB
PID: 24528, Process Name: TextInputHost.exe, Username: DESKTOP-S4MLJHQ\Admin, CPU: 2046ms, Memory: 46248 KB
PID: 23860, Process Name: SearchApp.exe, Username: DESKTOP-S4MLJHQ\Admin, CPU: 23015ms, Memory: 105472 KB
PID: 21112, Process Name: ms-teams.exe, Username: DESKTOP-S4MLJHQ\Admin, CPU: 28687ms, Memory: 37060 KB
PID: 18500, Process Name: openvpn-gui.exe, Username: DESKTOP-S4MLJHQ\Admin, CPU: 15ms, Memory: 8368 KB
PID: 6652, Process Name: msedgewebview2.exe, Username: DESKTOP-S4MLJHQ\Admin, CPU: 90546ms, Memory: 75192 KB
PID: 17012, Process Name: msedgewebview2.exe, Username: DESKTOP-S4MLJHQ\Admin, CPU: 0ms, Memory: 7356 KB
PID: 24184, Process Name: msedgewebview2.exe, Username: DESKTOP-S4MLJHQ\Admin, CPU: 139453ms, Memory: 61848 KB
PID: 21804, Process Name: msedgewebview2.exe, Username: DESKTOP-S4MLJHQ\Admin, CPU: 7625ms, Memory: 15944 KB
PID: 19812, Process Name: msedgewebview2.exe, Username: DESKTOP-S4MLJHQ\Admin, CPU: 1046ms, Memory: 6268 KB
PID: 16076, Process Name: msedgewebview2.exe, Username: DESKTOP-S4MLJHQ\Admin, CPU: 1390ms, Memory: 7612 KB
PID: 6892, Process Name: msedgewebview2.exe, Username: DESKTOP-S4MLJHQ\Admin, CPU: 1460187ms, Memory: 451404 KB
PID: 3344, Process Name: sfproc.exe, Username: DESKTOP-S4MLJHQ\Admin, CPU: 36390ms, Memory: 123964 KB
PID: 15452, Process Name: crashpad_handler.exe, Username: DESKTOP-S4MLJHQ\Admin, CPU: 15ms, Memory: 7540 KB
PID: 25012, Process Name: DllHost.exe, Username: DESKTOP-S4MLJHQ\Admin, CPU: 218ms, Memory: 13840 KB
PID: 11320, Process Name: ms-teams.exe, Username: DESKTOP-S4MLJHQ\Admin, CPU: 1964593ms, Memory: 22056 KB
PID: 19036, Process Name: SmartAudio3.exe, Username: DESKTOP-S4MLJHQ\Admin, CPU: 11015ms, Memory: 56944 KB
PID: 20948, Process Name: Flow.exe, Username: DESKTOP-S4MLJHQ\Admin, CPU: 6718ms, Memory: 86832 KB
PID: 5636, Process Name: msedgewebview2.exe, Username: DESKTOP-S4MLJHQ\Admin, CPU: 812ms, Memory: 8204 KB
PID: 7896, Process Name: CompPkgSrv.exe, Username: DESKTOP-S4MLJHQ\Admin, CPU: 109ms, Memory: 9164 KB
PID: 23504, Process Name: ApplicationFrameHost.exe, Username: DESKTOP-S4MLJHQ\Admin, CPU: 109ms, Memory: 24504 KB
PID: 16032, Process Name: UserOOBEBroker.exe, Username: DESKTOP-S4MLJHQ\Admin, CPU: 125ms, Memory: 10220 KB
PID: 20180, Process Name: svchost.exe, Username: DESKTOP-S4MLJHQ\Admin, CPU: 250ms, Memory: 19132 KB
PID: 13884, Process Name: <unknown>, Username: DESKTOP-S4MLJHQ\Admin, CPU: 281ms, Memory: 12172 KB
PID: 25020, Process Name: MSPCManager.exe, Username: DESKTOP-S4MLJHQ\Admin, CPU: 20468ms, Memory: 120880 KB
PID: 10000, Process Name: RuntimeBroker.exe, Username: DESKTOP-S4MLJHQ\Admin, CPU: 62ms, Memory: 10856 KB
PID: 19320, Process Name: msedgewebview2.exe, Username: DESKTOP-S4MLJHQ\Admin, CPU: 1437ms, Memory: 86472 KB
PID: 15276, Process Name: msedgewebview2.exe, Username: DESKTOP-S4MLJHQ\Admin, CPU: 15ms, Memory: 7492 KB
PID: 23468, Process Name: msedgewebview2.exe, Username: DESKTOP-S4MLJHQ\Admin, CPU: 218ms, Memory: 41112 KB
PID: 19384, Process Name: msedgewebview2.exe, Username: DESKTOP-S4MLJHQ\Admin, CPU: 125ms, Memory: 26588 KB
PID: 272, Process Name: msedgewebview2.exe, Username: DESKTOP-S4MLJHQ\Admin, CPU: 46ms, Memory: 17152 KB
PID: 1504, Process Name: msedgewebview2.exe, Username: DESKTOP-S4MLJHQ\Admin, CPU: 1671ms, Memory: 52176 KB
PID: 23444, Process Name: RuntimeBroker.exe, Username: DESKTOP-S4MLJHQ\Admin, CPU: 4781ms, Memory: 26672 KB
PID: 25464, Process Name: Microsoft.SharePoint.exe, Username: DESKTOP-S4MLJHQ\Admin, CPU: 953ms, Memory: 21752 KB
PID: 25268, Process Name: Video.UI.exe, Username: DESKTOP-S4MLJHQ\Admin, CPU: 171ms, Memory: 2752 KB
PID: 18704, Process Name: RuntimeBroker.exe, Username: DESKTOP-S4MLJHQ\Admin, CPU: 31ms, Memory: 8308 KB
PID: 19720, Process Name: eclipse.exe, Username: DESKTOP-S4MLJHQ\Admin, CPU: 579765ms, Memory: 390496 KB
PID: 20800, Process Name: chrome.exe, Username: DESKTOP-S4MLJHQ\Admin, CPU: 306343ms, Memory: 262392 KB
PID: 688, Process Name: chrome.exe, Username: DESKTOP-S4MLJHQ\Admin, CPU: 62ms, Memory: 9496 KB
PID: 996, Process Name: chrome.exe, Username: DESKTOP-S4MLJHQ\Admin, CPU: 100265ms, Memory: 109104 KB
PID: 5652, Process Name: chrome.exe, Username: DESKTOP-S4MLJHQ\Admin, CPU: 46843ms, Memory: 46812 KB
PID: 1192, Process Name: chrome.exe, Username: DESKTOP-S4MLJHQ\Admin, CPU: 1843ms, Memory: 21104 KB
PID: 17536, Process Name: chrome.exe, Username: DESKTOP-S4MLJHQ\Admin, CPU: 105265ms, Memory: 181352 KB
PID: 13924, Process Name: chrome.exe, Username: DESKTOP-S4MLJHQ\Admin, CPU: 316546ms, Memory: 206304 KB
PID: 2140, Process Name: chrome.exe, Username: DESKTOP-S4MLJHQ\Admin, CPU: 5078ms, Memory: 70756 KB
PID: 21700, Process Name: chrome.exe, Username: DESKTOP-S4MLJHQ\Admin, CPU: 12843ms, Memory: 104060 KB
PID: 17952, Process Name: chrome.exe, Username: DESKTOP-S4MLJHQ\Admin, CPU: 1218ms, Memory: 46840 KB
PID: 15748, Process Name: chrome.exe, Username: DESKTOP-S4MLJHQ\Admin, CPU: 27593ms, Memory: 113704 KB
PID: 22052, Process Name: chrome.exe, Username: DESKTOP-S4MLJHQ\Admin, CPU: 703ms, Memory: 48316 KB
PID: 21288, Process Name: DllHost.exe, Username: DESKTOP-S4MLJHQ\Admin, CPU: 156ms, Memory: 13340 KB
PID: 21844, Process Name: chrome.exe, Username: DESKTOP-S4MLJHQ\Admin, CPU: 1812ms, Memory: 21880 KB
PID: 13548, Process Name: chrome.exe, Username: DESKTOP-S4MLJHQ\Admin, CPU: 1046ms, Memory: 58020 KB
PID: 4388, Process Name: chrome.exe, Username: DESKTOP-S4MLJHQ\Admin, CPU: 796ms, Memory: 50384 KB
PID: 12116, Process Name: chrome.exe, Username: DESKTOP-S4MLJHQ\Admin, CPU: 218ms, Memory: 19020 KB
PID: 12368, Process Name: chrome.exe, Username: DESKTOP-S4MLJHQ\Admin, CPU: 921ms, Memory: 49496 KB
PID: 25864, Process Name: javaw.exe, Username: DESKTOP-S4MLJHQ\Admin, CPU: 241156ms, Memory: 90552 KB
PID: 15484, Process Name: TGitCache.exe, Username: DESKTOP-S4MLJHQ\Admin, CPU: 118968ms, Memory: 19356 KB
PID: 20960, Process Name: ShellExperienceHost.exe, Username: DESKTOP-S4MLJHQ\Admin, CPU: 4296ms, Memory: 67808 KB
PID: 13092, Process Name: RuntimeBroker.exe, Username: DESKTOP-S4MLJHQ\Admin, CPU: 625ms, Memory: 29472 KB
PID: 20292, Process Name: CMMON32.EXE, Username: DESKTOP-S4MLJHQ\Admin, CPU: 171ms, Memory: 2728 KB
PID: 14416, Process Name: StartMenuExperienceHost.exe, Username: DESKTOP-S4MLJHQ\Admin, CPU: 1546ms, Memory: 71440 KB
PID: 11740, Process Name: brave.exe, Username: DESKTOP-S4MLJHQ\Admin, CPU: 43078ms, Memory: 147248 KB
PID: 5944, Process Name: brave.exe, Username: DESKTOP-S4MLJHQ\Admin, CPU: 15ms, Memory: 8056 KB
PID: 11168, Process Name: brave.exe, Username: DESKTOP-S4MLJHQ\Admin, CPU: 10046ms, Memory: 64336 KB
PID: 4384, Process Name: brave.exe, Username: DESKTOP-S4MLJHQ\Admin, CPU: 3031ms, Memory: 36460 KB
PID: 6808, Process Name: brave.exe, Username: DESKTOP-S4MLJHQ\Admin, CPU: 421ms, Memory: 20960 KB
PID: 9128, Process Name: brave.exe, Username: DESKTOP-S4MLJHQ\Admin, CPU: 25796ms, Memory: 103732 KB
PID: 25564, Process Name: brave.exe, Username: DESKTOP-S4MLJHQ\Admin, CPU: 109ms, Memory: 36076 KB
PID: 23688, Process Name: brave.exe, Username: DESKTOP-S4MLJHQ\Admin, CPU: 296ms, Memory: 22844 KB
PID: 16064, Process Name: brave.exe, Username: DESKTOP-S4MLJHQ\Admin, CPU: 1031ms, Memory: 49356 KB
PID: 23636, Process Name: brave.exe, Username: DESKTOP-S4MLJHQ\Admin, CPU: 453ms, Memory: 50144 KB
PID: 9356, Process Name: brave.exe, Username: DESKTOP-S4MLJHQ\Admin, CPU: 296ms, Memory: 47988 KB
PID: 22932, Process Name: brave.exe, Username: DESKTOP-S4MLJHQ\Admin, CPU: 62ms, Memory: 23740 KB
PID: 24016, Process Name: chrome.exe, Username: DESKTOP-S4MLJHQ\Admin, CPU: 137781ms, Memory: 117488 KB
PID: 10008, Process Name: msedgewebview2.exe, Username: DESKTOP-S4MLJHQ\Admin, CPU: 1750ms, Memory: 3064 KB
PID: 5348, Process Name: Code.exe, Username: DESKTOP-S4MLJHQ\Admin, CPU: 5484ms, Memory: 98888 KB
PID: 6080, Process Name: Code.exe, Username: DESKTOP-S4MLJHQ\Admin, CPU: 15ms, Memory: 28096 KB
PID: 10128, Process Name: Code.exe, Username: DESKTOP-S4MLJHQ\Admin, CPU: 4781ms, Memory: 78264 KB
PID: 11516, Process Name: Code.exe, Username: DESKTOP-S4MLJHQ\Admin, CPU: 265ms, Memory: 40824 KB
PID: 26488, Process Name: Code.exe, Username: DESKTOP-S4MLJHQ\Admin, CPU: 37312ms, Memory: 221984 KB
PID: 15696, Process Name: Code.exe, Username: DESKTOP-S4MLJHQ\Admin, CPU: 100218ms, Memory: 139168 KB
PID: 10076, Process Name: Code.exe, Username: DESKTOP-S4MLJHQ\Admin, CPU: 6375ms, Memory: 99760 KB
PID: 15848, Process Name: Code.exe, Username: DESKTOP-S4MLJHQ\Admin, CPU: 1359ms, Memory: 78628 KB
PID: 12084, Process Name: Code.exe, Username: DESKTOP-S4MLJHQ\Admin, CPU: 1078ms, Memory: 83184 KB
PID: 17424, Process Name: conhost.exe, Username: DESKTOP-S4MLJHQ\Admin, CPU: 31ms, Memory: 7064 KB
PID: 23304, Process Name: powershell.exe, Username: DESKTOP-S4MLJHQ\Admin, CPU: 1031ms, Memory: 50316 KB
PID: 10272, Process Name: Code.exe, Username: DESKTOP-S4MLJHQ\Admin, CPU: 3453ms, Memory: 94572 KB
PID: 17944, Process Name: Code.exe, Username: DESKTOP-S4MLJHQ\Admin, CPU: 10718ms, Memory: 95056 KB
PID: 16788, Process Name: Code.exe, Username: DESKTOP-S4MLJHQ\Admin, CPU: 687ms, Memory: 90936 KB
PID: 8836, Process Name: Code.exe, Username: DESKTOP-S4MLJHQ\Admin, CPU: 953ms, Memory: 84108 KB
PID: 22604, Process Name: chrome.exe, Username: DESKTOP-S4MLJHQ\Admin, CPU: 211171ms, Memory: 133408 KB
PID: 14464, Process Name: explorer.exe, Username: DESKTOP-S4MLJHQ\Admin, CPU: 16765ms, Memory: 62712 KB
PID: 11388, Process Name: chrome.exe, Username: DESKTOP-S4MLJHQ\Admin, CPU: 24843ms, Memory: 140640 KB
PID: 21332, Process Name: chrome.exe, Username: DESKTOP-S4MLJHQ\Admin, CPU: 39968ms, Memory: 88112 KB
PID: 17544, Process Name: explorer.exe, Username: DESKTOP-S4MLJHQ\Admin, CPU: 12531ms, Memory: 58604 KB
PID: 17572, Process Name: explorer.exe, Username: DESKTOP-S4MLJHQ\Admin, CPU: 12890ms, Memory: 60544 KB
PID: 18120, Process Name: explorer.exe, Username: DESKTOP-S4MLJHQ\Admin, CPU: 10640ms, Memory: 72252 KB
PID: 24876, Process Name: chrome.exe, Username: DESKTOP-S4MLJHQ\Admin, CPU: 39687ms, Memory: 249844 KB
PID: 6932, Process Name: chrome.exe, Username: DESKTOP-S4MLJHQ\Admin, CPU: 593ms, Memory: 70360 KB
PID: 22844, Process Name: explorer.exe, Username: DESKTOP-S4MLJHQ\Admin, CPU: 9656ms, Memory: 67340 KB
PID: 17104, Process Name: chrome.exe, Username: DESKTOP-S4MLJHQ\Admin, CPU: 281ms, Memory: 65552 KB
PID: 20932, Process Name: chrome.exe, Username: DESKTOP-S4MLJHQ\Admin, CPU: 562ms, Memory: 69648 KB
PID: 21772, Process Name: chrome.exe, Username: DESKTOP-S4MLJHQ\Admin, CPU: 46ms, Memory: 29792 KB
PID: 11500, Process Name: devenv.exe, Username: DESKTOP-S4MLJHQ\Admin, CPU: 141015ms, Memory: 848980 KB
PID: 22428, Process Name: PerfWatson2.exe, Username: DESKTOP-S4MLJHQ\Admin, CPU: 1203ms, Memory: 71464 KB
PID: 18512, Process Name: Microsoft.ServiceHub.Controller.exe, Username: DESKTOP-S4MLJHQ\Admin, CPU: 1781ms, Memory: 72820 KB
PID: 22064, Process Name: ServiceHub.VSDetouredHost.exe, Username: DESKTOP-S4MLJHQ\Admin, CPU: 2781ms, Memory: 118288 KB
PID: 17664, Process Name: ServiceHub.SettingsHost.exe, Username: DESKTOP-S4MLJHQ\Admin, CPU: 1296ms, Memory: 78348 KB
PID: 2180, Process Name: ServiceHub.IdentityHost.exe, Username: DESKTOP-S4MLJHQ\Admin, CPU: 2390ms, Memory: 118740 KB
PID: 24932, Process Name: ServiceHub.ThreadedWaitDialog.exe, Username: DESKTOP-S4MLJHQ\Admin, CPU: 1234ms, Memory: 106528 KB
PID: 7860, Process Name: ServiceHub.IndexingService.exe, Username: DESKTOP-S4MLJHQ\Admin, CPU: 3093ms, Memory: 98824 KB
PID: 10344, Process Name: ServiceHub.IntellicodeModelService.exe, Username: DESKTOP-S4MLJHQ\Admin, CPU: 13062ms, Memory: 381716 KB
PID: 20580, Process Name: <unknown>, Username: DESKTOP-S4MLJHQ\Admin, CPU: 0ms, Memory: 2036 KB
PID: 18624, Process Name: MSBuild.exe, Username: DESKTOP-S4MLJHQ\Admin, CPU: 2515ms, Memory: 57924 KB
PID: 3268, Process Name: conhost.exe, Username: DESKTOP-S4MLJHQ\Admin, CPU: 31ms, Memory: 11788 KB
PID: 15612, Process Name: VCTIP.EXE, Username: DESKTOP-S4MLJHQ\Admin, CPU: 1328ms, Memory: 49256 KB
PID: 16280, Process Name: ServiceHub.Host.AnyCPU.exe, Username: DESKTOP-S4MLJHQ\Admin, CPU: 1984ms, Memory: 97112 KB
PID: 25100, Process Name: ServiceHub.TestWindowStoreHost.exe, Username: DESKTOP-S4MLJHQ\Admin, CPU: 906ms, Memory: 72100 KB
PID: 16352, Process Name: VCPkgSrv.exe, Username: DESKTOP-S4MLJHQ\Admin, CPU: 578ms, Memory: 72608 KB
PID: 15432, Process Name: smartscreen.exe, Username: DESKTOP-S4MLJHQ\Admin, CPU: 109ms, Memory: 24536 KB
PID: 25432, Process Name: VCPkgSrv.exe, Username: DESKTOP-S4MLJHQ\Admin, CPU: 46ms, Memory: 19364 KB
PID: 13260, Process Name: SearchProtocolHost.exe, Username: DESKTOP-S4MLJHQ\Admin, CPU: 0ms, Memory: 9324 KB
PID: 25824, Process Name: VCPkgSrv.exe, Username: DESKTOP-S4MLJHQ\Admin, CPU: 62ms, Memory: 19404 KB
PID: 23168, Process Name: WindowResourceTracker.exe, Username: DESKTOP-S4MLJHQ\Admin, CPU: 140ms, Memory: 6264 KB
PID: 11996, Process Name: conhost.exe, Username: DESKTOP-S4MLJHQ\Admin, CPU: 46ms, Memory: 17264 KB
PID: 124, Process Name: NOTEPAD.EXE, Username: DESKTOP-S4MLJHQ\Admin, CPU: 156ms, Memory: 18028 KB
PID: 4404, Process Name: cmd.exe, Username: DESKTOP-S4MLJHQ\Admin, CPU: 0ms, Memory: 5156 KB
PID: 22104, Process Name: conhost.exe, Username: DESKTOP-S4MLJHQ\Admin, CPU: 31ms, Memory: 11804 KB
PID: 19648, Process Name: tasklist.exe, Username: DESKTOP-S4MLJHQ\Admin, CPU: 15ms, Memory: 10420 KB
PID: 14804, Process Name: findstr.exe, Username: DESKTOP-S4MLJHQ\Admin, CPU: 0ms, Memory: 4552 KB
